TN:
SF:src/domain/@shared/entity/base.entity.ts
FN:11,get createdAt
FN:16,get updatedAt
FN:21,get deletedAt
FN:26,get isActive
FN:30,set isActive
FNF:5
FNH:4
FNDA:2,get createdAt
FNDA:2,get updatedAt
FNDA:2,get deletedAt
FNDA:2,get isActive
FNDA:0,set isActive
DA:1,1
DA:2,1
DA:3,1
DA:4,1
DA:5,1
DA:6,1
DA:7,1
DA:8,1
DA:9,1
DA:10,1
DA:11,1
DA:12,2
DA:13,2
DA:14,1
DA:15,1
DA:16,1
DA:17,2
DA:18,2
DA:19,1
DA:20,1
DA:21,1
DA:22,2
DA:23,2
DA:24,1
DA:25,1
DA:26,1
DA:27,2
DA:28,2
DA:29,1
DA:30,1
DA:31,0
DA:32,0
DA:33,1
LF:33
LH:31
BRDA:11,0,0,2
BRDA:16,1,0,2
BRDA:21,2,0,2
BRDA:26,3,0,2
BRF:4
BRH:4
end_of_record
TN:
SF:src/domain/authentication/entity/authentication.entity.ts
FN:27,get user
FN:32,get session
FN:18,AuthenticationEntity
FNF:3
FNH:3
FNDA:2,get user
FNDA:3,get session
FNDA:2,AuthenticationEntity
DA:1,1
DA:2,1
DA:3,1
DA:4,1
DA:5,1
DA:6,1
DA:7,1
DA:8,1
DA:9,1
DA:10,1
DA:11,1
DA:12,1
DA:13,1
DA:14,1
DA:15,1
DA:16,1
DA:17,1
DA:18,1
DA:19,2
DA:20,2
DA:21,2
DA:22,2
DA:23,2
DA:24,2
DA:25,1
DA:26,1
DA:27,1
DA:28,2
DA:29,2
DA:30,1
DA:31,1
DA:32,1
DA:33,3
DA:34,3
DA:35,1
DA:36,1
LF:36
LH:36
BRDA:27,0,0,2
BRDA:32,1,0,3
BRDA:18,2,0,2
BRF:3
BRH:3
end_of_record
TN:
SF:src/domain/authentication/service/authentication.service.ts
FN:11,AuthenticationService
FNF:1
FNH:1
FNDA:1,AuthenticationService
DA:1,1
DA:2,1
DA:3,1
DA:4,1
DA:5,1
DA:6,1
DA:7,1
DA:8,1
DA:9,1
DA:10,1
DA:11,1
DA:12,1
DA:13,1
DA:14,1
DA:15,1
DA:16,1
DA:17,3
DA:18,1
DA:19,1
DA:20,1
DA:21,1
DA:22,1
DA:23,1
DA:24,1
LF:24
LH:24
BRDA:16,0,0,3
BRDA:17,1,0,1
BRDA:11,2,0,1
BRF:3
BRH:3
end_of_record
TN:
SF:src/domain/authorization/entity/authorization.entity.ts
FN:21,get rbac
FN:16,AuthorizationEntity
FNF:2
FNH:2
FNDA:3,get rbac
FNDA:1,AuthorizationEntity
DA:1,1
DA:2,1
DA:3,1
DA:4,1
DA:5,1
DA:6,1
DA:7,1
DA:8,1
DA:9,1
DA:10,1
DA:11,1
DA:12,1
DA:13,1
DA:14,1
DA:15,1
DA:16,1
DA:17,1
DA:18,1
DA:19,1
DA:20,1
DA:21,1
DA:22,3
DA:23,3
DA:24,1
DA:25,1
LF:25
LH:25
BRDA:21,0,0,3
BRDA:16,1,0,1
BRF:2
BRH:2
end_of_record
TN:
SF:src/domain/authorization/entity/rbac/permission.entity.ts
FN:19,get id
FN:23,get name
FN:27,from
FN:13,PermissionEntity
FNF:4
FNH:0
FNDA:0,get id
FNDA:0,get name
FNDA:0,from
FNDA:0,PermissionEntity
DA:1,1
DA:2,1
DA:3,1
DA:4,1
DA:5,1
DA:6,1
DA:7,1
DA:8,1
DA:9,1
DA:10,1
DA:11,1
DA:12,1
DA:13,1
DA:14,0
DA:15,0
DA:16,0
DA:17,0
DA:18,1
DA:19,1
DA:20,0
DA:21,0
DA:22,1
DA:23,1
DA:24,0
DA:25,0
DA:26,1
DA:27,1
DA:28,0
DA:29,0
DA:30,0
DA:31,0
DA:32,0
DA:33,1
DA:34,1
LF:34
LH:21
BRF:0
BRH:0
end_of_record
TN:
SF:src/domain/authorization/entity/rbac/rbac.entity.ts
FN:17,get roles
FN:21,from
FN:12,RbacEntity
FNF:3
FNH:3
FNDA:1,get roles
FNDA:1,from
FNDA:1,RbacEntity
DA:1,1
DA:2,1
DA:3,1
DA:4,1
DA:5,1
DA:6,1
DA:7,1
DA:8,1
DA:9,1
DA:10,1
DA:11,1
DA:12,1
DA:13,1
DA:14,1
DA:15,1
DA:16,1
DA:17,1
DA:18,1
DA:19,1
DA:20,1
DA:21,1
DA:22,1
DA:23,1
DA:24,1
DA:25,1
DA:26,1
DA:27,1
LF:27
LH:27
BRDA:17,0,0,1
BRDA:21,1,0,1
BRDA:23,2,0,0
BRDA:23,3,0,0
BRDA:23,4,0,0
BRDA:12,5,0,1
BRF:6
BRH:3
end_of_record
TN:
SF:src/domain/authorization/entity/rbac/role.entity.ts
FN:23,get id
FN:27,get name
FN:31,get permissions
FN:35,from
FN:16,RoleEntity
FNF:5
FNH:0
FNDA:0,get id
FNDA:0,get name
FNDA:0,get permissions
FNDA:0,from
FNDA:0,RoleEntity
DA:1,1
DA:2,1
DA:3,1
DA:4,1
DA:5,1
DA:6,1
DA:7,1
DA:8,1
DA:9,1
DA:10,1
DA:11,1
DA:12,1
DA:13,1
DA:14,1
DA:15,1
DA:16,1
DA:17,0
DA:18,0
DA:19,0
DA:20,0
DA:21,0
DA:22,1
DA:23,1
DA:24,0
DA:25,0
DA:26,1
DA:27,1
DA:28,0
DA:29,0
DA:30,1
DA:31,1
DA:32,0
DA:33,0
DA:34,1
DA:35,1
DA:36,0
DA:37,0
DA:38,0
DA:39,0
DA:40,0
DA:41,0
DA:42,0
DA:43,0
DA:44,0
DA:45,0
DA:46,0
DA:47,0
DA:48,1
DA:49,1
LF:49
LH:26
BRF:0
BRH:0
end_of_record
TN:
SF:src/domain/user/entity/user.entity.ts
FN:35,from
FN:45,validate
FN:69,get uuid
FN:73,set uuid
FN:77,get name
FN:81,set name
FN:85,get username
FN:89,set username
FN:93,get email
FN:97,set email
FN:101,get password
FN:105,set password
FN:109,get authorization
FN:113,set authorization
FNF:14
FNH:14
FNDA:5,from
FNDA:19,validate
FNDA:21,get uuid
FNDA:24,set uuid
FNDA:13,get name
FNDA:24,set name
FNDA:32,get username
FNDA:24,set username
FNDA:44,get email
FNDA:24,set email
FNDA:32,get password
FNDA:24,set password
FNDA:8,get authorization
FNDA:2,set authorization
DA:1,1
DA:2,1
DA:3,1
DA:4,1
DA:5,1
DA:6,1
DA:7,1
DA:8,1
DA:9,1
DA:10,1
DA:11,1
DA:12,1
DA:13,1
DA:14,1
DA:15,1
DA:16,1
DA:17,1
DA:18,1
DA:19,1
DA:20,1
DA:21,1
DA:22,1
DA:23,1
DA:24,1
DA:25,19
DA:26,19
DA:27,19
DA:28,19
DA:29,19
DA:30,19
DA:31,19
DA:32,16
DA:33,16
DA:34,1
DA:35,1
DA:36,5
DA:37,5
DA:38,5
DA:39,5
DA:40,5
DA:41,5
DA:42,5
DA:43,5
DA:44,1
DA:45,1
DA:46,19
DA:47,1
DA:48,1
DA:49,19
DA:50,1
DA:51,1
DA:52,19
DA:53,1
DA:54,1
DA:55,19
DA:56,1
DA:57,1
DA:58,4
DA:59,4
DA:60,1
DA:61,1
DA:62,3
DA:63,3
DA:64,1
DA:65,1
DA:66,16
DA:67,16
DA:68,1
DA:69,1
DA:70,21
DA:71,21
DA:72,1
DA:73,1
DA:74,24
DA:75,24
DA:76,1
DA:77,1
DA:78,13
DA:79,13
DA:80,1
DA:81,1
DA:82,24
DA:83,24
DA:84,1
DA:85,1
DA:86,32
DA:87,32
DA:88,1
DA:89,1
DA:90,24
DA:91,24
DA:92,1
DA:93,1
DA:94,44
DA:95,44
DA:96,1
DA:97,1
DA:98,24
DA:99,24
DA:100,1
DA:101,1
DA:102,32
DA:103,32
DA:104,1
DA:105,1
DA:106,24
DA:107,24
DA:108,1
DA:109,1
DA:110,8
DA:111,8
DA:112,1
DA:113,1
DA:114,2
DA:115,2
DA:116,1
DA:117,1
LF:117
LH:117
BRDA:10,0,0,4
BRDA:24,1,0,19
BRDA:31,2,0,16
BRDA:35,3,0,5
BRDA:45,4,0,19
BRDA:46,5,0,1
BRDA:48,6,0,18
BRDA:49,7,0,1
BRDA:51,8,0,17
BRDA:52,9,0,1
BRDA:57,10,0,4
BRDA:59,11,0,1
BRDA:61,12,0,3
BRDA:65,13,0,16
BRDA:69,14,0,21
BRDA:73,15,0,24
BRDA:77,16,0,13
BRDA:81,17,0,24
BRDA:85,18,0,32
BRDA:89,19,0,24
BRDA:93,20,0,44
BRDA:97,21,0,24
BRDA:101,22,0,32
BRDA:105,23,0,24
BRDA:109,24,0,8
BRDA:113,25,0,2
BRF:26
BRH:26
end_of_record
TN:
SF:src/domain/user/service/user.service.ts
FN:9,UserService
FNF:1
FNH:1
FNDA:2,UserService
DA:1,1
DA:2,1
DA:3,1
DA:4,1
DA:5,1
DA:6,1
DA:7,1
DA:8,1
DA:9,1
DA:10,2
DA:11,2
DA:12,2
DA:13,2
DA:14,2
DA:15,2
DA:16,1
DA:17,1
DA:18,9
DA:19,9
DA:20,9
DA:21,1
DA:22,1
DA:23,1
DA:24,1
DA:25,1
DA:26,1
DA:27,1
DA:28,1
DA:29,5
DA:30,5
DA:31,1
DA:32,1
DA:33,2
DA:34,2
DA:35,1
DA:36,1
LF:36
LH:36
BRDA:17,0,0,9
BRDA:22,1,0,1
BRDA:24,2,0,1
BRDA:28,3,0,5
BRDA:32,4,0,2
BRDA:9,5,0,2
BRF:6
BRH:6
end_of_record
TN:
SF:src/infrastructure/authorization/authorization.repository.ts
FN:12,create
FN:16,delete
FN:20,findAll
FN:24,findOne
FN:28,findOneByUuid
FN:32,update
FNF:6
FNH:0
FNDA:0,create
FNDA:0,delete
FNDA:0,findAll
FNDA:0,findOne
FNDA:0,findOneByUuid
FNDA:0,update
DA:1,1
DA:2,1
DA:3,1
DA:4,1
DA:5,1
DA:6,1
DA:7,1
DA:8,1
DA:9,1
DA:10,1
DA:11,1
DA:12,1
DA:13,0
DA:14,0
DA:15,1
DA:16,1
DA:17,0
DA:18,0
DA:19,1
DA:20,1
DA:21,0
DA:22,0
DA:23,1
DA:24,1
DA:25,0
DA:26,0
DA:27,1
DA:28,1
DA:29,0
DA:30,0
DA:31,1
DA:32,1
DA:33,0
DA:34,0
DA:35,1
DA:36,1
DA:37,1
DA:38,1
DA:39,0
DA:40,0
DA:41,1
DA:42,1
DA:43,1
DA:44,1
DA:45,1
DA:46,1
DA:47,1
DA:48,1
DA:49,1
DA:50,1
DA:51,1
DA:52,1
DA:53,1
LF:53
LH:39
BRDA:36,0,0,1
BRDA:38,1,0,0
BRDA:42,2,0,1
BRF:3
BRH:2
end_of_record
TN:
SF:src/infrastructure/db/database-handler.ts
FN:27,get handler
FN:13,DatabaseHandler
FNF:2
FNH:2
FNDA:2,get handler
FNDA:2,DatabaseHandler
DA:1,1
DA:2,1
DA:3,1
DA:4,1
DA:5,1
DA:6,1
DA:7,1
DA:8,1
DA:9,1
DA:10,1
DA:11,1
DA:12,1
DA:13,1
DA:14,2
DA:15,2
DA:16,2
DA:17,2
DA:18,2
DA:19,0
DA:20,0
DA:21,2
DA:22,0
DA:23,2
DA:24,2
DA:25,2
DA:26,1
DA:27,1
DA:28,2
DA:29,2
DA:30,1
DA:31,1
DA:32,1
LF:32
LH:29
BRDA:5,0,0,2
BRDA:27,1,0,2
BRDA:13,2,0,2
BRDA:18,3,0,0
BRDA:21,4,0,0
BRF:5
BRH:3
end_of_record
TN:
SF:src/infrastructure/user/user.repository.ts
FN:28,findAll
FNF:1
FNH:0
FNDA:0,findAll
DA:1,1
DA:2,1
DA:3,1
DA:4,1
DA:5,1
DA:6,1
DA:7,9
DA:8,9
DA:9,9
DA:10,9
DA:11,9
DA:12,9
DA:13,9
DA:14,9
DA:15,9
DA:16,9
DA:17,9
DA:18,9
DA:19,0
DA:20,0
DA:21,9
DA:22,1
DA:23,1
DA:24,1
DA:25,1
DA:26,1
DA:27,1
DA:28,1
DA:29,0
DA:30,0
DA:31,1
DA:32,1
DA:33,1
DA:34,1
DA:35,1
DA:36,1
DA:37,1
DA:38,1
DA:39,1
DA:40,1
DA:41,1
DA:42,1
DA:43,1
DA:44,1
DA:45,1
DA:46,0
DA:47,0
DA:48,1
DA:49,1
DA:50,1
DA:51,5
DA:52,5
DA:53,2
DA:54,4
DA:55,1
DA:56,1
DA:57,5
DA:58,1
DA:59,1
DA:60,2
DA:61,2
DA:62,1
DA:63,1
DA:64,1
DA:65,1
DA:66,2
DA:67,1
DA:68,1
DA:69,1
DA:70,1
DA:71,1
DA:72,1
DA:73,1
DA:74,1
DA:75,1
DA:76,1
DA:77,1
DA:78,1
DA:79,1
DA:80,1
DA:81,1
DA:82,1
DA:83,1
LF:83
LH:77
BRDA:6,0,0,9
BRDA:8,1,0,0
BRDA:18,2,0,0
BRDA:41,3,0,1
BRDA:45,4,0,0
BRDA:50,5,0,5
BRDA:52,6,0,4
BRDA:52,7,0,2
BRDA:54,8,0,1
BRDA:59,9,0,2
BRDA:61,10,0,1
BRF:11
BRH:8
end_of_record
