TN:
SF:src/domain/@shared/entity/base.entity.ts
FN:10,toJSON
FN:23,get createdAt
FN:28,get updatedAt
FN:33,get deletedAt
FN:38,get isActive
FN:42,set isActive
FNF:6
FNH:5
FNDA:4,toJSON
FNDA:2,get createdAt
FNDA:2,get updatedAt
FNDA:2,get deletedAt
FNDA:2,get isActive
FNDA:0,set isActive
DA:1,1
DA:2,1
DA:3,1
DA:4,1
DA:5,1
DA:6,1
DA:7,1
DA:8,1
DA:9,1
DA:10,1
DA:11,4
DA:12,4
DA:13,40
DA:14,40
DA:15,40
DA:16,4
DA:17,40
DA:18,40
DA:19,4
DA:20,4
DA:21,1
DA:22,1
DA:23,1
DA:24,2
DA:25,2
DA:26,1
DA:27,1
DA:28,1
DA:29,2
DA:30,2
DA:31,1
DA:32,1
DA:33,1
DA:34,2
DA:35,2
DA:36,1
DA:37,1
DA:38,1
DA:39,2
DA:40,2
DA:41,1
DA:42,1
DA:43,0
DA:44,0
DA:45,1
LF:45
LH:43
BRDA:10,0,0,4
BRDA:11,1,0,0
BRDA:11,2,0,0
BRDA:12,3,0,40
BRDA:13,4,0,0
BRDA:16,5,0,40
BRDA:23,6,0,2
BRDA:28,7,0,2
BRDA:33,8,0,2
BRDA:38,9,0,2
BRF:10
BRH:7
end_of_record
TN:
SF:src/domain/authentication/entity/authentication.entity.ts
FN:27,get user
FN:32,get session
FN:18,AuthenticationEntity
FNF:3
FNH:3
FNDA:2,get user
FNDA:3,get session
FNDA:2,AuthenticationEntity
DA:1,1
DA:2,1
DA:3,1
DA:4,1
DA:5,1
DA:6,1
DA:7,1
DA:8,1
DA:9,1
DA:10,1
DA:11,1
DA:12,1
DA:13,1
DA:14,1
DA:15,1
DA:16,1
DA:17,1
DA:18,1
DA:19,2
DA:20,2
DA:21,2
DA:22,2
DA:23,2
DA:24,2
DA:25,1
DA:26,1
DA:27,1
DA:28,2
DA:29,2
DA:30,1
DA:31,1
DA:32,1
DA:33,3
DA:34,3
DA:35,1
DA:36,1
LF:36
LH:36
BRDA:27,0,0,2
BRDA:32,1,0,3
BRDA:18,2,0,2
BRF:3
BRH:3
end_of_record
TN:
SF:src/domain/authentication/service/authentication.service.ts
FN:11,AuthenticationService
FNF:1
FNH:1
FNDA:1,AuthenticationService
DA:1,1
DA:2,1
DA:3,1
DA:4,1
DA:5,1
DA:6,1
DA:7,1
DA:8,1
DA:9,1
DA:10,1
DA:11,1
DA:12,1
DA:13,1
DA:14,1
DA:15,1
DA:16,1
DA:17,3
DA:18,1
DA:19,1
DA:20,1
DA:21,1
DA:22,1
DA:23,1
DA:24,1
LF:24
LH:24
BRDA:16,0,0,3
BRDA:17,1,0,1
BRDA:11,2,0,1
BRF:3
BRH:3
end_of_record
TN:
SF:src/domain/authorization/entity/authorization.entity.ts
FN:24,get rbac
FN:28,get abac
FN:19,AuthorizationEntity
FNF:3
FNH:2
FNDA:3,get rbac
FNDA:0,get abac
FNDA:1,AuthorizationEntity
DA:1,1
DA:2,1
DA:3,1
DA:4,1
DA:5,1
DA:6,1
DA:7,1
DA:8,1
DA:9,1
DA:10,1
DA:11,1
DA:12,1
DA:13,1
DA:14,1
DA:15,1
DA:16,1
DA:17,1
DA:18,1
DA:19,1
DA:20,1
DA:21,1
DA:22,1
DA:23,1
DA:24,1
DA:25,3
DA:26,3
DA:27,1
DA:28,1
DA:29,0
DA:30,0
DA:31,1
DA:32,1
LF:32
LH:30
BRDA:24,0,0,3
BRDA:19,1,0,1
BRF:2
BRH:2
end_of_record
TN:
SF:src/domain/authorization/entity/abac/abac.entity.ts
FN:15,get policies
FN:19,checkPolicy
FN:23,from
FN:10,AbacEntity
FNF:4
FNH:0
FNDA:0,get policies
FNDA:0,checkPolicy
FNDA:0,from
FNDA:0,AbacEntity
DA:1,1
DA:2,1
DA:3,1
DA:4,1
DA:5,1
DA:6,1
DA:7,1
DA:8,1
DA:9,1
DA:10,1
DA:11,0
DA:12,0
DA:13,0
DA:14,1
DA:15,1
DA:16,0
DA:17,0
DA:18,1
DA:19,1
DA:20,0
DA:21,0
DA:22,1
DA:23,1
DA:24,0
DA:25,0
DA:26,0
DA:27,1
LF:27
LH:17
BRF:0
BRH:0
end_of_record
TN:
SF:src/domain/authorization/entity/abac/access-policy.entity.ts
FN:16,get actions
FN:20,get userAttributes
FN:24,get resourceAttributes
FN:28,checkPolicy
FN:34,from
FN:10,AccessPolicyEntity
FNF:6
FNH:0
FNDA:0,get actions
FNDA:0,get userAttributes
FNDA:0,get resourceAttributes
FNDA:0,checkPolicy
FNDA:0,from
FNDA:0,AccessPolicyEntity
DA:1,1
DA:2,1
DA:3,1
DA:4,1
DA:5,1
DA:6,1
DA:7,1
DA:8,1
DA:9,1
DA:10,1
DA:11,0
DA:12,0
DA:13,0
DA:14,0
DA:15,1
DA:16,1
DA:17,0
DA:18,0
DA:19,1
DA:20,1
DA:21,0
DA:22,0
DA:23,1
DA:24,1
DA:25,0
DA:26,0
DA:27,1
DA:28,1
DA:29,0
DA:30,0
DA:31,0
DA:32,0
DA:33,1
DA:34,1
DA:35,0
DA:36,0
DA:37,0
DA:38,0
DA:39,0
DA:40,0
DA:41,1
DA:42,1
LF:42
LH:22
BRF:0
BRH:0
end_of_record
TN:
SF:src/domain/authorization/entity/abac/action.entity.ts
FN:10,get name
FN:14,from
FN:6,ActionEntity
FNF:3
FNH:0
FNDA:0,get name
FNDA:0,from
FNDA:0,ActionEntity
DA:1,1
DA:2,1
DA:3,1
DA:4,1
DA:5,1
DA:6,1
DA:7,0
DA:8,0
DA:9,1
DA:10,1
DA:11,0
DA:12,0
DA:13,1
DA:14,1
DA:15,0
DA:16,0
DA:17,1
LF:17
LH:11
BRF:0
BRH:0
end_of_record
TN:
SF:src/domain/authorization/entity/abac/attribute.entity.ts
FN:15,get name
FN:19,get value
FN:23,from
FN:11,AttributeEntity
FNF:4
FNH:0
FNDA:0,get name
FNDA:0,get value
FNDA:0,from
FNDA:0,AttributeEntity
DA:1,1
DA:2,1
DA:3,1
DA:4,1
DA:5,1
DA:6,1
DA:7,1
DA:8,1
DA:9,1
DA:10,1
DA:11,1
DA:12,0
DA:13,0
DA:14,1
DA:15,1
DA:16,0
DA:17,0
DA:18,1
DA:19,1
DA:20,0
DA:21,0
DA:22,1
DA:23,1
DA:24,0
DA:25,0
DA:26,1
LF:26
LH:18
BRF:0
BRH:0
end_of_record
TN:
SF:src/domain/authorization/entity/rbac/permission.entity.ts
FN:19,get id
FN:23,get name
FN:27,from
FN:13,PermissionEntity
FNF:4
FNH:0
FNDA:0,get id
FNDA:0,get name
FNDA:0,from
FNDA:0,PermissionEntity
DA:1,1
DA:2,1
DA:3,1
DA:4,1
DA:5,1
DA:6,1
DA:7,1
DA:8,1
DA:9,1
DA:10,1
DA:11,1
DA:12,1
DA:13,1
DA:14,0
DA:15,0
DA:16,0
DA:17,0
DA:18,1
DA:19,1
DA:20,0
DA:21,0
DA:22,1
DA:23,1
DA:24,0
DA:25,0
DA:26,1
DA:27,1
DA:28,0
DA:29,0
DA:30,0
DA:31,0
DA:32,0
DA:33,1
DA:34,1
LF:34
LH:21
BRF:0
BRH:0
end_of_record
TN:
SF:src/domain/authorization/entity/rbac/rbac.entity.ts
FN:17,get roles
FN:21,from
FN:27,checkPermission
FN:12,RbacEntity
FNF:4
FNH:2
FNDA:1,get roles
FNDA:0,from
FNDA:0,checkPermission
FNDA:1,RbacEntity
DA:1,1
DA:2,1
DA:3,1
DA:4,1
DA:5,1
DA:6,1
DA:7,1
DA:8,1
DA:9,1
DA:10,1
DA:11,1
DA:12,1
DA:13,1
DA:14,1
DA:15,1
DA:16,1
DA:17,1
DA:18,1
DA:19,1
DA:20,1
DA:21,1
DA:22,0
DA:23,0
DA:24,0
DA:25,0
DA:26,1
DA:27,1
DA:28,0
DA:29,0
DA:30,1
DA:31,1
LF:31
LH:25
BRDA:17,0,0,1
BRDA:12,1,0,1
BRF:2
BRH:2
end_of_record
TN:
SF:src/domain/authorization/entity/rbac/role.entity.ts
FN:23,get id
FN:27,get name
FN:31,get permissions
FN:35,from
FN:16,RoleEntity
FNF:5
FNH:0
FNDA:0,get id
FNDA:0,get name
FNDA:0,get permissions
FNDA:0,from
FNDA:0,RoleEntity
DA:1,1
DA:2,1
DA:3,1
DA:4,1
DA:5,1
DA:6,1
DA:7,1
DA:8,1
DA:9,1
DA:10,1
DA:11,1
DA:12,1
DA:13,1
DA:14,1
DA:15,1
DA:16,1
DA:17,0
DA:18,0
DA:19,0
DA:20,0
DA:21,0
DA:22,1
DA:23,1
DA:24,0
DA:25,0
DA:26,1
DA:27,1
DA:28,0
DA:29,0
DA:30,1
DA:31,1
DA:32,0
DA:33,0
DA:34,1
DA:35,1
DA:36,0
DA:37,0
DA:38,0
DA:39,0
DA:40,0
DA:41,0
DA:42,0
DA:43,0
DA:44,0
DA:45,0
DA:46,0
DA:47,0
DA:48,1
DA:49,1
LF:49
LH:26
BRF:0
BRH:0
end_of_record
TN:
SF:src/domain/user/entity/user.entity.ts
FN:35,from
FN:45,validate
FN:69,get uuid
FN:73,set uuid
FN:77,get name
FN:81,set name
FN:85,get username
FN:89,set username
FN:93,get email
FN:97,set email
FN:101,get password
FN:105,set password
FN:109,get authorization
FN:113,set authorization
FNF:14
FNH:14
FNDA:5,from
FNDA:19,validate
FNDA:21,get uuid
FNDA:24,set uuid
FNDA:13,get name
FNDA:24,set name
FNDA:32,get username
FNDA:24,set username
FNDA:44,get email
FNDA:24,set email
FNDA:32,get password
FNDA:24,set password
FNDA:8,get authorization
FNDA:2,set authorization
DA:1,1
DA:2,1
DA:3,1
DA:4,1
DA:5,1
DA:6,1
DA:7,1
DA:8,1
DA:9,1
DA:10,1
DA:11,1
DA:12,1
DA:13,1
DA:14,1
DA:15,1
DA:16,1
DA:17,1
DA:18,1
DA:19,1
DA:20,1
DA:21,1
DA:22,1
DA:23,1
DA:24,1
DA:25,19
DA:26,19
DA:27,19
DA:28,19
DA:29,19
DA:30,19
DA:31,19
DA:32,16
DA:33,16
DA:34,1
DA:35,1
DA:36,5
DA:37,5
DA:38,5
DA:39,5
DA:40,5
DA:41,5
DA:42,5
DA:43,5
DA:44,1
DA:45,1
DA:46,19
DA:47,1
DA:48,1
DA:49,19
DA:50,1
DA:51,1
DA:52,19
DA:53,1
DA:54,1
DA:55,19
DA:56,1
DA:57,1
DA:58,4
DA:59,4
DA:60,1
DA:61,1
DA:62,3
DA:63,3
DA:64,1
DA:65,1
DA:66,16
DA:67,16
DA:68,1
DA:69,1
DA:70,21
DA:71,21
DA:72,1
DA:73,1
DA:74,24
DA:75,24
DA:76,1
DA:77,1
DA:78,13
DA:79,13
DA:80,1
DA:81,1
DA:82,24
DA:83,24
DA:84,1
DA:85,1
DA:86,32
DA:87,32
DA:88,1
DA:89,1
DA:90,24
DA:91,24
DA:92,1
DA:93,1
DA:94,44
DA:95,44
DA:96,1
DA:97,1
DA:98,24
DA:99,24
DA:100,1
DA:101,1
DA:102,32
DA:103,32
DA:104,1
DA:105,1
DA:106,24
DA:107,24
DA:108,1
DA:109,1
DA:110,8
DA:111,8
DA:112,1
DA:113,1
DA:114,2
DA:115,2
DA:116,1
DA:117,1
LF:117
LH:117
BRDA:10,0,0,4
BRDA:24,1,0,19
BRDA:31,2,0,16
BRDA:35,3,0,5
BRDA:45,4,0,19
BRDA:46,5,0,1
BRDA:48,6,0,18
BRDA:49,7,0,1
BRDA:51,8,0,17
BRDA:52,9,0,1
BRDA:57,10,0,4
BRDA:59,11,0,1
BRDA:61,12,0,3
BRDA:65,13,0,16
BRDA:69,14,0,21
BRDA:73,15,0,24
BRDA:77,16,0,13
BRDA:81,17,0,24
BRDA:85,18,0,32
BRDA:89,19,0,24
BRDA:93,20,0,44
BRDA:97,21,0,24
BRDA:101,22,0,32
BRDA:105,23,0,24
BRDA:109,24,0,8
BRDA:113,25,0,2
BRF:26
BRH:26
end_of_record
TN:
SF:src/domain/user/service/user.service.ts
FN:9,UserService
FNF:1
FNH:1
FNDA:2,UserService
DA:1,1
DA:2,1
DA:3,1
DA:4,1
DA:5,1
DA:6,1
DA:7,1
DA:8,1
DA:9,1
DA:10,2
DA:11,2
DA:12,2
DA:13,2
DA:14,2
DA:15,2
DA:16,1
DA:17,1
DA:18,9
DA:19,9
DA:20,9
DA:21,1
DA:22,1
DA:23,1
DA:24,1
DA:25,1
DA:26,1
DA:27,1
DA:28,1
DA:29,1
DA:30,1
DA:31,1
DA:32,1
DA:33,1
DA:34,5
DA:35,5
DA:36,1
DA:37,1
DA:38,2
DA:39,2
DA:40,1
DA:41,1
DA:42,1
DA:43,1
DA:44,1
DA:45,1
DA:46,1
DA:47,1
DA:48,1
DA:49,1
LF:49
LH:49
BRDA:17,0,0,9
BRDA:27,1,0,1
BRDA:29,2,0,1
BRDA:33,3,0,5
BRDA:37,4,0,2
BRDA:9,5,0,2
BRF:6
BRH:6
end_of_record
TN:
SF:src/infrastructure/authorization/authorization.repository.ts
FN:22,create
FN:26,delete
FN:30,findAll
FN:34,findOne
FN:38,findOneByUuid
FN:42,update
FNF:6
FNH:0
FNDA:0,create
FNDA:0,delete
FNDA:0,findAll
FNDA:0,findOne
FNDA:0,findOneByUuid
FNDA:0,update
DA:1,1
DA:2,1
DA:3,1
DA:4,1
DA:5,1
DA:6,1
DA:7,1
DA:8,1
DA:9,1
DA:10,1
DA:11,1
DA:12,1
DA:13,1
DA:14,1
DA:15,1
DA:16,1
DA:17,1
DA:18,1
DA:19,1
DA:20,1
DA:21,1
DA:22,1
DA:23,0
DA:24,0
DA:25,1
DA:26,1
DA:27,0
DA:28,0
DA:29,1
DA:30,1
DA:31,0
DA:32,0
DA:33,1
DA:34,1
DA:35,0
DA:36,0
DA:37,1
DA:38,1
DA:39,0
DA:40,0
DA:41,1
DA:42,1
DA:43,0
DA:44,0
DA:45,1
DA:46,1
DA:47,1
DA:48,1
DA:49,0
DA:50,0
DA:51,0
DA:52,1
DA:53,1
DA:54,1
DA:55,1
DA:56,0
DA:57,0
DA:58,0
DA:59,0
DA:60,0
DA:61,0
DA:62,0
DA:63,0
DA:64,0
DA:65,0
DA:66,0
DA:67,0
DA:68,0
DA:69,1
DA:70,1
DA:71,1
DA:72,1
DA:73,1
DA:74,1
DA:75,1
DA:76,1
DA:77,1
DA:78,1
DA:79,1
DA:80,1
DA:81,1
DA:82,1
DA:83,1
DA:84,1
LF:84
LH:56
BRDA:46,0,0,1
BRDA:48,1,0,0
BRDA:53,2,0,1
BRDA:55,3,0,0
BRF:4
BRH:2
end_of_record
TN:
SF:src/infrastructure/cache/cache-manager.ts
FN:10,get client
FN:6,CacheManager
FNF:2
FNH:2
FNDA:3,get client
FNDA:3,CacheManager
DA:1,1
DA:2,1
DA:3,1
DA:4,1
DA:5,1
DA:6,1
DA:7,3
DA:8,3
DA:9,1
DA:10,1
DA:11,3
DA:12,3
DA:13,1
LF:13
LH:13
BRDA:10,0,0,3
BRDA:6,1,0,3
BRF:2
BRH:2
end_of_record
TN:
SF:src/infrastructure/cache/redis/redis.client.ts
FN:14,clear
FN:18,delete
FN:22,get
FN:26,set
FN:6,RedisClient
FNF:5
FNH:2
FNDA:0,clear
FNDA:0,delete
FNDA:1,get
FNDA:0,set
FNDA:3,RedisClient
DA:1,1
DA:2,1
DA:3,1
DA:4,1
DA:5,1
DA:6,1
DA:7,3
DA:8,3
DA:9,3
DA:10,3
DA:11,3
DA:12,3
DA:13,1
DA:14,1
DA:15,0
DA:16,0
DA:17,1
DA:18,1
DA:19,0
DA:20,0
DA:21,1
DA:22,1
DA:23,1
DA:24,1
DA:25,1
DA:26,1
DA:27,0
DA:28,0
DA:29,1
DA:30,1
LF:30
LH:24
BRDA:22,0,0,1
BRDA:6,1,0,3
BRF:2
BRH:2
end_of_record
TN:
SF:src/infrastructure/db/database-handler.ts
FN:23,get handler
FN:13,DatabaseHandler
FNF:2
FNH:2
FNDA:3,get handler
FNDA:2,DatabaseHandler
DA:1,1
DA:2,1
DA:3,1
DA:4,1
DA:5,1
DA:6,1
DA:7,1
DA:8,1
DA:9,1
DA:10,1
DA:11,1
DA:12,1
DA:13,1
DA:14,2
DA:15,2
DA:16,2
DA:17,2
DA:18,2
DA:19,2
DA:20,2
DA:21,2
DA:22,1
DA:23,1
DA:24,3
DA:25,3
DA:26,1
DA:27,1
DA:28,1
LF:28
LH:28
BRDA:5,0,0,2
BRDA:23,1,0,3
BRDA:13,2,0,2
BRDA:19,3,0,0
BRF:4
BRH:3
end_of_record
TN:
SF:src/infrastructure/db/@shared/index.ts
FNF:0
FNH:0
DA:1,1
DA:2,1
DA:3,1
DA:4,1
DA:5,1
DA:6,1
DA:7,1
DA:8,1
DA:9,1
DA:10,1
DA:11,1
DA:12,1
DA:13,1
DA:14,1
DA:15,1
DA:16,1
DA:17,1
DA:18,1
DA:19,1
DA:20,1
DA:21,1
DA:22,1
DA:23,1
DA:24,1
DA:25,1
LF:25
LH:25
BRF:0
BRH:0
end_of_record
TN:
SF:src/infrastructure/db/@shared/models/User.model.ts
FN:38,toEntity
FNF:1
FNH:1
FNDA:4,toEntity
DA:1,1
DA:2,1
DA:3,1
DA:4,1
DA:5,1
DA:6,1
DA:7,1
DA:8,1
DA:9,1
DA:10,1
DA:11,1
DA:12,1
DA:13,1
DA:14,1
DA:15,1
DA:16,1
DA:17,1
DA:18,1
DA:19,1
DA:20,1
DA:21,1
DA:22,1
DA:23,1
DA:24,1
DA:25,1
DA:26,1
DA:27,1
DA:28,1
DA:29,1
DA:30,1
DA:31,1
DA:32,1
DA:33,1
DA:34,1
DA:35,1
DA:36,1
DA:37,1
DA:38,1
DA:39,4
DA:40,4
DA:41,1
DA:42,1
LF:42
LH:42
BRDA:33,0,0,0
BRDA:36,1,0,0
BRDA:38,2,0,4
BRF:3
BRH:1
end_of_record
TN:
SF:src/infrastructure/db/@shared/models/abac/Abac.model.ts
FNF:0
FNH:0
DA:1,1
DA:2,1
DA:3,1
DA:4,1
DA:5,1
DA:6,1
DA:7,1
DA:8,1
DA:9,1
DA:10,1
DA:11,1
DA:12,1
DA:13,1
DA:14,1
DA:15,1
DA:16,1
DA:17,1
DA:18,1
DA:19,1
DA:20,1
DA:21,1
DA:22,1
DA:23,1
DA:24,1
DA:25,1
DA:26,1
DA:27,1
DA:28,1
DA:29,1
DA:30,1
DA:31,1
DA:32,1
DA:33,0
DA:34,0
DA:35,1
LF:35
LH:33
BRDA:27,0,0,0
BRDA:30,1,0,0
BRDA:23,2,0,4
BRDA:23,3,0,2
BRF:4
BRH:2
end_of_record
TN:
SF:src/infrastructure/db/@shared/models/abac/AbacAccessPolicy.model.ts
FNF:0
FNH:0
DA:1,1
DA:2,1
DA:3,1
DA:4,1
DA:5,1
DA:6,1
DA:7,1
DA:8,1
DA:9,1
DA:10,1
DA:11,1
DA:12,1
DA:13,1
DA:14,1
DA:15,1
DA:16,1
DA:17,1
DA:18,1
DA:19,1
DA:20,1
DA:21,1
DA:22,1
DA:23,1
DA:24,1
DA:25,1
DA:26,1
DA:27,1
DA:28,1
DA:29,1
DA:30,1
DA:31,1
DA:32,1
DA:33,1
DA:34,1
DA:35,1
DA:36,1
DA:37,1
DA:38,1
DA:39,1
DA:40,1
DA:41,1
DA:42,1
DA:43,0
DA:44,0
DA:45,1
LF:45
LH:43
BRDA:37,0,0,0
BRDA:40,1,0,0
BRDA:27,2,0,4
BRDA:27,3,0,2
BRDA:30,4,0,4
BRDA:30,5,0,2
BRDA:33,6,0,4
BRDA:33,7,0,2
BRF:8
BRH:6
end_of_record
TN:
SF:src/infrastructure/db/@shared/models/abac/AbacAction.model.ts
FNF:0
FNH:0
DA:1,1
DA:2,1
DA:3,1
DA:4,1
DA:5,1
DA:6,1
DA:7,1
DA:8,1
DA:9,1
DA:10,1
DA:11,1
DA:12,1
DA:13,1
DA:14,1
DA:15,1
DA:16,1
DA:17,1
DA:18,1
DA:19,1
DA:20,1
DA:21,1
LF:21
LH:21
BRDA:16,0,0,0
BRDA:19,1,0,0
BRF:2
BRH:0
end_of_record
TN:
SF:src/infrastructure/db/@shared/models/abac/AbacResource.model.ts
FNF:0
FNH:0
DA:1,1
DA:2,1
DA:3,1
DA:4,1
DA:5,1
DA:6,1
DA:7,1
DA:8,1
DA:9,1
DA:10,1
DA:11,1
DA:12,1
DA:13,1
DA:14,1
DA:15,1
DA:16,1
DA:17,1
DA:18,1
DA:19,1
DA:20,1
DA:21,1
DA:22,1
DA:23,1
DA:24,1
DA:25,1
DA:26,1
DA:27,1
DA:28,1
DA:29,1
DA:30,1
DA:31,1
DA:32,1
LF:32
LH:32
BRDA:24,0,0,0
BRDA:27,1,0,0
BRDA:29,2,0,4
BRDA:29,3,0,2
BRF:4
BRH:2
end_of_record
TN:
SF:src/infrastructure/db/@shared/models/abac/AbacResourceAttribute.model.ts
FNF:0
FNH:0
DA:1,1
DA:2,1
DA:3,1
DA:4,1
DA:5,1
DA:6,1
DA:7,1
DA:8,1
DA:9,1
DA:10,1
DA:11,1
DA:12,1
DA:13,1
DA:14,1
DA:15,1
DA:16,1
DA:17,1
DA:18,1
DA:19,1
DA:20,1
DA:21,1
DA:22,1
DA:23,1
DA:24,1
DA:25,1
DA:26,1
LF:26
LH:26
BRDA:22,0,0,0
BRDA:25,1,0,0
BRF:2
BRH:0
end_of_record
TN:
SF:src/infrastructure/db/@shared/models/abac/AbacUserAttribute.model.ts
FNF:0
FNH:0
DA:1,1
DA:2,1
DA:3,1
DA:4,1
DA:5,1
DA:6,1
DA:7,1
DA:8,1
DA:9,1
DA:10,1
DA:11,1
DA:12,1
DA:13,1
DA:14,1
DA:15,1
DA:16,1
DA:17,1
DA:18,1
DA:19,1
DA:20,1
DA:21,1
DA:22,1
DA:23,1
LF:23
LH:23
BRDA:19,0,0,0
BRDA:22,1,0,0
BRF:2
BRH:0
end_of_record
TN:
SF:src/infrastructure/db/@shared/models/rbac/Rbac.model.ts
FN:49,toEntity
FNF:1
FNH:0
FNDA:0,toEntity
DA:1,1
DA:2,1
DA:3,1
DA:4,1
DA:5,1
DA:6,1
DA:7,1
DA:8,1
DA:9,1
DA:10,1
DA:11,1
DA:12,1
DA:13,1
DA:14,1
DA:15,1
DA:16,1
DA:17,1
DA:18,1
DA:19,1
DA:20,1
DA:21,1
DA:22,1
DA:23,1
DA:24,1
DA:25,1
DA:26,1
DA:27,1
DA:28,1
DA:29,1
DA:30,1
DA:31,1
DA:32,1
DA:33,1
DA:34,1
DA:35,1
DA:36,1
DA:37,1
DA:38,1
DA:39,1
DA:40,1
DA:41,1
DA:42,1
DA:43,1
DA:44,1
DA:45,1
DA:46,1
DA:47,1
DA:48,1
DA:49,1
DA:50,0
DA:51,0
DA:52,1
LF:52
LH:50
BRDA:33,0,0,0
BRDA:36,1,0,0
BRDA:46,2,0,4
BRDA:46,3,0,2
BRF:4
BRH:2
end_of_record
TN:
SF:src/infrastructure/db/@shared/models/rbac/RbacPermission.model.ts
FN:29,toEntity
FNF:1
FNH:0
FNDA:0,toEntity
DA:1,1
DA:2,1
DA:3,1
DA:4,1
DA:5,1
DA:6,1
DA:7,1
DA:8,1
DA:9,1
DA:10,1
DA:11,1
DA:12,1
DA:13,1
DA:14,1
DA:15,1
DA:16,1
DA:17,1
DA:18,1
DA:19,1
DA:20,1
DA:21,1
DA:22,1
DA:23,1
DA:24,1
DA:25,1
DA:26,1
DA:27,1
DA:28,1
DA:29,1
DA:30,0
DA:31,0
DA:32,1
DA:33,1
LF:33
LH:31
BRDA:24,0,0,0
BRDA:27,1,0,0
BRF:2
BRH:0
end_of_record
TN:
SF:src/infrastructure/db/@shared/models/rbac/RbacRole.model.ts
FNF:0
FNH:0
DA:1,1
DA:2,1
DA:3,1
DA:4,1
DA:5,1
DA:6,1
DA:7,1
DA:8,1
DA:9,1
DA:10,1
DA:11,1
DA:12,1
DA:13,1
DA:14,1
DA:15,1
DA:16,1
DA:17,1
DA:18,1
DA:19,1
DA:20,1
DA:21,1
DA:22,1
DA:23,1
DA:24,1
DA:25,1
DA:26,1
DA:27,1
DA:28,1
DA:29,1
DA:30,1
DA:31,1
DA:32,1
DA:33,1
DA:34,1
DA:35,1
DA:36,1
DA:37,1
DA:38,1
DA:39,1
DA:40,1
DA:41,1
DA:42,1
DA:43,1
DA:44,1
DA:45,1
DA:46,0
DA:47,0
DA:48,1
DA:49,1
LF:49
LH:47
BRDA:37,0,0,0
BRDA:40,1,0,0
BRDA:42,2,0,4
BRF:3
BRH:1
end_of_record
TN:
SF:src/infrastructure/db/@shared/models/rbac/RbacRolePermission.model.ts
FNF:0
FNH:0
DA:1,1
DA:2,1
DA:3,1
DA:4,1
DA:5,1
DA:6,1
DA:7,1
DA:8,1
DA:9,1
DA:10,1
DA:11,1
DA:12,1
DA:13,1
DA:14,1
DA:15,1
DA:16,1
DA:17,1
DA:18,1
DA:19,1
DA:20,1
DA:21,1
DA:22,1
DA:23,1
DA:24,1
DA:25,1
DA:26,1
DA:27,1
DA:28,1
DA:29,1
DA:30,1
DA:31,1
DA:32,1
DA:33,1
DA:34,1
DA:35,1
DA:36,1
DA:37,1
DA:38,1
DA:39,1
DA:40,1
DA:41,1
DA:42,1
LF:42
LH:42
BRDA:34,0,0,0
BRDA:37,1,0,0
BRDA:25,2,0,2
BRDA:39,3,0,4
BRDA:39,4,0,2
BRF:5
BRH:3
end_of_record
TN:
SF:src/infrastructure/db/pgsql/database.config.ts
FN:8,getInstance
FN:28,init
FNF:2
FNH:0
FNDA:0,getInstance
FNDA:0,init
DA:1,1
DA:2,1
DA:3,1
DA:4,1
DA:5,1
DA:6,1
DA:7,1
DA:8,1
DA:9,0
DA:10,0
DA:11,0
DA:12,0
DA:13,0
DA:14,0
DA:15,0
DA:16,0
DA:17,0
DA:18,0
DA:19,0
DA:20,0
DA:21,0
DA:22,0
DA:23,0
DA:24,0
DA:25,0
DA:26,0
DA:27,1
DA:28,1
DA:29,0
DA:30,0
DA:31,1
LF:31
LH:11
BRF:0
BRH:0
end_of_record
TN:
SF:src/infrastructure/db/sqlite/database.config.ts
FN:8,getInstance
FN:24,init
FNF:2
FNH:2
FNDA:3,getInstance
FNDA:3,init
DA:1,1
DA:2,1
DA:3,1
DA:4,1
DA:5,1
DA:6,1
DA:7,1
DA:8,1
DA:9,3
DA:10,2
DA:11,2
DA:12,2
DA:13,2
DA:14,2
DA:15,2
DA:16,2
DA:17,2
DA:18,2
DA:19,2
DA:20,3
DA:21,3
DA:22,3
DA:23,1
DA:24,1
DA:25,3
DA:26,3
DA:27,1
LF:27
LH:27
BRDA:8,0,0,3
BRDA:9,1,0,2
BRDA:24,2,0,3
BRF:3
BRH:3
end_of_record
TN:
SF:src/infrastructure/user/user.repository.ts
FN:28,findAll
FNF:1
FNH:0
FNDA:0,findAll
DA:1,1
DA:2,1
DA:3,1
DA:4,1
DA:5,1
DA:6,1
DA:7,9
DA:8,9
DA:9,9
DA:10,9
DA:11,9
DA:12,9
DA:13,9
DA:14,9
DA:15,9
DA:16,9
DA:17,9
DA:18,9
DA:19,0
DA:20,0
DA:21,9
DA:22,1
DA:23,1
DA:24,1
DA:25,1
DA:26,1
DA:27,1
DA:28,1
DA:29,0
DA:30,0
DA:31,1
DA:32,1
DA:33,1
DA:34,1
DA:35,1
DA:36,1
DA:37,1
DA:38,1
DA:39,1
DA:40,1
DA:41,1
DA:42,1
DA:43,1
DA:44,1
DA:45,1
DA:46,0
DA:47,0
DA:48,1
DA:49,1
DA:50,1
DA:51,5
DA:52,5
DA:53,2
DA:54,4
DA:55,1
DA:56,1
DA:57,5
DA:58,1
DA:59,1
DA:60,2
DA:61,2
DA:62,1
DA:63,1
DA:64,1
DA:65,1
DA:66,2
DA:67,1
DA:68,1
DA:69,1
DA:70,1
DA:71,1
DA:72,1
DA:73,1
DA:74,1
DA:75,1
DA:76,1
DA:77,1
DA:78,1
DA:79,1
DA:80,1
DA:81,1
DA:82,1
DA:83,1
LF:83
LH:77
BRDA:6,0,0,9
BRDA:8,1,0,0
BRDA:18,2,0,0
BRDA:41,3,0,1
BRDA:45,4,0,0
BRDA:50,5,0,5
BRDA:52,6,0,4
BRDA:52,7,0,2
BRDA:54,8,0,1
BRDA:59,9,0,2
BRDA:61,10,0,1
BRF:11
BRH:8
end_of_record
